2018-10-16 14:09:29,335 [INFO] autotest.py line:93: Testsuite imported from Excel:
[
    {
        "id": "HOME_001",
        "title": "打开百度",
        "condition": "SETUP",
        "designer": "",
        "flag": "",
        "result": "",
        "remark": "",
        "priority": "H",
        "steps": [
            {
                "control": "",
                "no": "1",
                "keyword": "打开",
                "page": "",
                "element": "百度搜索链接",
                "data": "标签页名=百度搜索窗口",
                "expected": "",
                "output": "",
                "score": "",
                "remark": "",
                "_keyword": "打开",
                "_element": "百度搜索链接",
                "_data": "标签页名=百度搜索窗口",
                "vdata": "标签页名=百度搜索窗口",
                "_expected": "",
                "_output": ""
            },
            {
                "control": "",
                "no": "2",
                "keyword": "检查",
                "page": "百度搜索页面",
                "element": "页面title",
                "data": "百度一下\\，你就知道",
                "expected": "",
                "output": "",
                "score": "",
                "remark": "",
                "_keyword": "检查",
                "_element": "页面title",
                "_data": "百度一下\\，你就知道",
                "vdata": "百度一下\\，你就知道",
                "_expected": "",
                "_output": ""
            }
        ]
    },
    {
        "id": "BAIDU_001",
        "title": "搜索：自动化测试",
        "condition": "",
        "designer": "",
        "flag": "",
        "result": "",
        "remark": "",
        "priority": "H",
        "steps": [
            {
                "control": "",
                "no": "1",
                "keyword": "输入",
                "page": "",
                "element": "搜索框",
                "data": "自动化测试",
                "expected": "",
                "output": "",
                "score": "",
                "remark": "",
                "_keyword": "输入",
                "_element": "搜索框",
                "_data": "自动化测试",
                "vdata": "自动化测试",
                "_expected": "",
                "_output": ""
            },
            {
                "control": "",
                "no": "2",
                "keyword": "点击",
                "page": "",
                "element": "搜索按钮",
                "data": "",
                "expected": "",
                "output": "",
                "score": "",
                "remark": "",
                "_keyword": "点击",
                "_element": "搜索按钮",
                "_data": "",
                "vdata": "",
                "_expected": "",
                "_output": ""
            },
            {
                "control": "",
                "no": "3",
                "keyword": "检查",
                "page": "",
                "element": "页面title",
                "data": "自动化测试_百度搜索",
                "expected": "",
                "output": "",
                "score": "",
                "remark": "检查的预期结果建议写在测试数据列，也可以写在预期结果列。如果没有 http 接口测试，可以删除预期结果列。",
                "_keyword": "检查",
                "_element": "页面title",
                "_data": "自动化测试_百度搜索",
                "vdata": "自动化测试_百度搜索",
                "_expected": "",
                "_output": ""
            }
        ]
    }
]
2018-10-16 14:09:29,337 [INFO] autotest.py line:94: From Excel import testsuite success
2018-10-16 14:09:34,398 [INFO] testsuite.py line:98: Run the testcase: HOME_001|打开百度 Skipped, because the flag=N or the condition=snippet
2018-10-16 14:09:34,399 [INFO] testsuite.py line:28: Start running the SETUP testcase...
2018-10-16 14:09:34,418 [INFO] testcase.py line:56: Run the TestCase: HOME_001|打开百度
2018-10-16 14:09:34,419 [INFO] testcase.py line:73: Run the Step: 1|OPEN|百度搜索链接
2018-10-16 14:55:24,755 [INFO] autotest.py line:93: Testsuite imported from Excel:
[
    {
        "id": "HOME_001",
        "title": "打开百度",
        "condition": "SETUP",
        "designer": "",
        "flag": "",
        "result": "",
        "remark": "",
        "priority": "H",
        "steps": [
            {
                "control": "",
                "no": "1",
                "keyword": "打开",
                "page": "",
                "element": "百度搜索链接",
                "data": "标签页名=百度搜索窗口",
                "expected": "",
                "output": "",
                "score": "",
                "remark": "",
                "_keyword": "打开",
                "_element": "百度搜索链接",
                "_data": "标签页名=百度搜索窗口",
                "vdata": "标签页名=百度搜索窗口",
                "_expected": "",
                "_output": ""
            },
            {
                "control": "",
                "no": "2",
                "keyword": "检查",
                "page": "百度搜索页面",
                "element": "页面title",
                "data": "百度一下\\，你就知道",
                "expected": "",
                "output": "",
                "score": "",
                "remark": "",
                "_keyword": "检查",
                "_element": "页面title",
                "_data": "百度一下\\，你就知道",
                "vdata": "百度一下\\，你就知道",
                "_expected": "",
                "_output": ""
            }
        ]
    },
    {
        "id": "BAIDU_001",
        "title": "搜索：自动化测试",
        "condition": "",
        "designer": "",
        "flag": "",
        "result": "",
        "remark": "",
        "priority": "H",
        "steps": [
            {
                "control": "",
                "no": "1",
                "keyword": "输入",
                "page": "",
                "element": "搜索框",
                "data": "自动化测试",
                "expected": "",
                "output": "",
                "score": "",
                "remark": "",
                "_keyword": "输入",
                "_element": "搜索框",
                "_data": "自动化测试",
                "vdata": "自动化测试",
                "_expected": "",
                "_output": ""
            },
            {
                "control": "",
                "no": "2",
                "keyword": "点击",
                "page": "",
                "element": "搜索按钮",
                "data": "",
                "expected": "",
                "output": "",
                "score": "",
                "remark": "",
                "_keyword": "点击",
                "_element": "搜索按钮",
                "_data": "",
                "vdata": "",
                "_expected": "",
                "_output": ""
            },
            {
                "control": "",
                "no": "3",
                "keyword": "检查",
                "page": "",
                "element": "页面title",
                "data": "自动化测试_百度搜索",
                "expected": "",
                "output": "",
                "score": "",
                "remark": "检查的预期结果建议写在测试数据列，也可以写在预期结果列。如果没有 http 接口测试，可以删除预期结果列。",
                "_keyword": "检查",
                "_element": "页面title",
                "_data": "自动化测试_百度搜索",
                "vdata": "自动化测试_百度搜索",
                "_expected": "",
                "_output": ""
            }
        ]
    }
]
2018-10-16 14:55:24,757 [INFO] autotest.py line:94: From Excel import testsuite success
2018-10-16 14:55:29,840 [INFO] testsuite.py line:98: Run the testcase: HOME_001|打开百度 Skipped, because the flag=N or the condition=snippet
2018-10-16 14:55:29,842 [INFO] testsuite.py line:28: Start running the SETUP testcase...
2018-10-16 14:55:29,857 [INFO] testcase.py line:56: Run the TestCase: HOME_001|打开百度
2018-10-16 14:55:29,859 [INFO] testcase.py line:73: Run the Step: 1|OPEN|百度搜索链接
2018-10-16 15:00:45,975 [INFO] autotest.py line:93: Testsuite imported from Excel:
[
    {
        "id": "HOME_001",
        "title": "打开百度",
        "condition": "SETUP",
        "designer": "",
        "flag": "",
        "result": "",
        "remark": "",
        "priority": "H",
        "steps": [
            {
                "control": "",
                "no": "1",
                "keyword": "打开",
                "page": "",
                "element": "百度搜索链接",
                "data": "标签页名=百度搜索窗口",
                "expected": "",
                "output": "",
                "score": "",
                "remark": "",
                "_keyword": "打开",
                "_element": "百度搜索链接",
                "_data": "标签页名=百度搜索窗口",
                "vdata": "标签页名=百度搜索窗口",
                "_expected": "",
                "_output": ""
            },
            {
                "control": "",
                "no": "2",
                "keyword": "检查",
                "page": "百度搜索页面",
                "element": "页面title",
                "data": "百度一下\\，你就知道",
                "expected": "",
                "output": "",
                "score": "",
                "remark": "",
                "_keyword": "检查",
                "_element": "页面title",
                "_data": "百度一下\\，你就知道",
                "vdata": "百度一下\\，你就知道",
                "_expected": "",
                "_output": ""
            }
        ]
    },
    {
        "id": "BAIDU_001",
        "title": "搜索：自动化测试",
        "condition": "",
        "designer": "",
        "flag": "",
        "result": "",
        "remark": "",
        "priority": "H",
        "steps": [
            {
                "control": "",
                "no": "1",
                "keyword": "输入",
                "page": "",
                "element": "搜索框",
                "data": "自动化测试",
                "expected": "",
                "output": "",
                "score": "",
                "remark": "",
                "_keyword": "输入",
                "_element": "搜索框",
                "_data": "自动化测试",
                "vdata": "自动化测试",
                "_expected": "",
                "_output": ""
            },
            {
                "control": "",
                "no": "2",
                "keyword": "点击",
                "page": "",
                "element": "搜索按钮",
                "data": "",
                "expected": "",
                "output": "",
                "score": "",
                "remark": "",
                "_keyword": "点击",
                "_element": "搜索按钮",
                "_data": "",
                "vdata": "",
                "_expected": "",
                "_output": ""
            },
            {
                "control": "",
                "no": "3",
                "keyword": "检查",
                "page": "",
                "element": "页面title",
                "data": "自动化测试_百度搜索",
                "expected": "",
                "output": "",
                "score": "",
                "remark": "检查的预期结果建议写在测试数据列，也可以写在预期结果列。如果没有 http 接口测试，可以删除预期结果列。",
                "_keyword": "检查",
                "_element": "页面title",
                "_data": "自动化测试_百度搜索",
                "vdata": "自动化测试_百度搜索",
                "_expected": "",
                "_output": ""
            }
        ]
    }
]
2018-10-16 15:00:46,733 [INFO] autotest.py line:94: From Excel import testsuite success
2018-10-16 15:06:24,314 [INFO] testsuite.py line:98: Run the testcase: HOME_001|打开百度 Skipped, because the flag=N or the condition=snippet
2018-10-16 15:09:56,011 [INFO] testsuite.py line:28: Start running the SETUP testcase...
2018-10-16 15:11:03,897 [INFO] testcase.py line:56: Run the TestCase: HOME_001|打开百度
2018-10-16 15:11:26,418 [INFO] testcase.py line:73: Run the Step: 1|OPEN|百度搜索链接
2018-10-16 15:15:57,612 [INFO] testcase.py line:148: Run the Step: 1|OPEN|通用-百度搜索链接 is Pass
2018-10-16 15:16:22,574 [INFO] testcase.py line:73: Run the Step: 2|CHECK|页面title
2018-10-16 15:21:34,832 [INFO] web.py line:16: DATA:'百度一下，你就知道'
2018-10-16 15:21:34,859 [INFO] web.py line:17: REAL:'百度一下，你就知道'
2018-10-16 15:21:51,534 [INFO] testcase.py line:148: Run the Step: 2|CHECK|通用-页面title is Pass
2018-10-16 15:22:51,978 [INFO] testcase.py line:56: Run the TestCase: BAIDU_001|搜索：自动化测试
2018-10-16 15:23:01,587 [INFO] testcase.py line:73: Run the Step: 1|INPUT|搜索框
2018-10-16 15:24:03,672 [ERROR] testcase.py line:178: Run the Step: 1|INPUT|百度搜索页面-搜索框 is Failure
Traceback (most recent call last):
  File "E:/py_workspaces/sweetest/sweetest-master/sweetest\sweetest\testcase.py", line 105, in run
    getattr(web, step['keyword'].lower())(step)
  File "E:/py_workspaces/sweetest/sweetest-master/sweetest\sweetest\keywords\web.py", line 146, in input
    element_location.clear()
  File "E:\py_workspaces\sweetest\sweetest-master\venv\lib\site-packages\selenium\webdriver\remote\webelement.py", line 95, in clear
    self._execute(Command.CLEAR_ELEMENT)
  File "E:\py_workspaces\sweetest\sweetest-master\venv\lib\site-packages\selenium\webdriver\remote\webelement.py", line 633, in _execute
    return self._parent.execute(command, params)
  File "E:\py_workspaces\sweetest\sweetest-master\venv\lib\site-packages\selenium\webdriver\remote\webdriver.py", line 321, in execute
    self.error_handler.check_response(response)
  File "E:\py_workspaces\sweetest\sweetest-master\venv\lib\site-packages\selenium\webdriver\remote\errorhandler.py", line 242, in check_response
    raise exception_class(message, screen, stacktrace)
selenium.common.exceptions.WebDriverException: Message: unknown error: call function result missing 'value'
  (Session info: chrome=68.0.3440.106)
  (Driver info: chromedriver=2.33.506120 (e3e53437346286c0bc2d2dc9aa4915ba81d9023f),platform=Windows NT 6.1.7601 SP1 x86_64)

2018-10-16 15:24:34,024 [INFO] autotest.py line:93: Testsuite imported from Excel:
[
    {
        "id": "HOME_001",
        "title": "打开百度",
        "condition": "SETUP",
        "designer": "",
        "flag": "",
        "result": "",
        "remark": "",
        "priority": "H",
        "steps": [
            {
                "control": "",
                "no": "1",
                "keyword": "打开",
                "page": "",
                "element": "百度搜索链接",
                "data": "标签页名=百度搜索窗口",
                "expected": "",
                "output": "",
                "score": "",
                "remark": "",
                "_keyword": "打开",
                "_element": "百度搜索链接",
                "_data": "标签页名=百度搜索窗口",
                "vdata": "标签页名=百度搜索窗口",
                "_expected": "",
                "_output": ""
            },
            {
                "control": "",
                "no": "2",
                "keyword": "检查",
                "page": "百度搜索页面",
                "element": "页面title",
                "data": "百度一下\\，你就知道",
                "expected": "",
                "output": "",
                "score": "",
                "remark": "",
                "_keyword": "检查",
                "_element": "页面title",
                "_data": "百度一下\\，你就知道",
                "vdata": "百度一下\\，你就知道",
                "_expected": "",
                "_output": ""
            }
        ]
    },
    {
        "id": "BAIDU_001",
        "title": "搜索：自动化测试",
        "condition": "",
        "designer": "",
        "flag": "",
        "result": "",
        "remark": "",
        "priority": "H",
        "steps": [
            {
                "control": "",
                "no": "1",
                "keyword": "输入",
                "page": "",
                "element": "搜索框",
                "data": "自动化测试",
                "expected": "",
                "output": "",
                "score": "",
                "remark": "",
                "_keyword": "输入",
                "_element": "搜索框",
                "_data": "自动化测试",
                "vdata": "自动化测试",
                "_expected": "",
                "_output": ""
            },
            {
                "control": "",
                "no": "2",
                "keyword": "点击",
                "page": "",
                "element": "搜索按钮",
                "data": "",
                "expected": "",
                "output": "",
                "score": "",
                "remark": "",
                "_keyword": "点击",
                "_element": "搜索按钮",
                "_data": "",
                "vdata": "",
                "_expected": "",
                "_output": ""
            },
            {
                "control": "",
                "no": "3",
                "keyword": "检查",
                "page": "",
                "element": "页面title",
                "data": "自动化测试_百度搜索",
                "expected": "",
                "output": "",
                "score": "",
                "remark": "检查的预期结果建议写在测试数据列，也可以写在预期结果列。如果没有 http 接口测试，可以删除预期结果列。",
                "_keyword": "检查",
                "_element": "页面title",
                "_data": "自动化测试_百度搜索",
                "vdata": "自动化测试_百度搜索",
                "_expected": "",
                "_output": ""
            }
        ]
    }
]
2018-10-16 15:24:34,026 [INFO] autotest.py line:94: From Excel import testsuite success
2018-10-16 15:24:47,489 [INFO] testsuite.py line:98: Run the testcase: HOME_001|打开百度 Skipped, because the flag=N or the condition=snippet
2018-10-16 15:24:47,492 [INFO] testsuite.py line:28: Start running the SETUP testcase...
2018-10-16 15:24:47,517 [INFO] testcase.py line:56: Run the TestCase: HOME_001|打开百度
2018-10-16 15:24:47,520 [INFO] testcase.py line:73: Run the Step: 1|OPEN|百度搜索链接
2018-10-16 15:25:02,587 [INFO] testcase.py line:148: Run the Step: 1|OPEN|通用-百度搜索链接 is Pass
2018-10-16 15:25:02,790 [INFO] testcase.py line:73: Run the Step: 2|CHECK|页面title
2018-10-16 15:25:21,587 [INFO] web.py line:16: DATA:'百度一下，你就知道'
2018-10-16 15:25:21,601 [INFO] web.py line:17: REAL:'百度一下，你就知道'
2018-10-16 15:25:21,613 [INFO] testcase.py line:148: Run the Step: 2|CHECK|通用-页面title is Pass
2018-10-16 15:25:21,839 [INFO] testcase.py line:56: Run the TestCase: BAIDU_001|搜索：自动化测试
2018-10-16 15:25:21,840 [INFO] testcase.py line:73: Run the Step: 1|INPUT|搜索框
2018-10-16 15:51:38,572 [ERROR] testcase.py line:178: Run the Step: 1|INPUT|百度搜索页面-搜索框 is Failure
Traceback (most recent call last):
  File "E:/py_workspaces/sweetest/sweetest-master/sweetest\sweetest\testcase.py", line 105, in run
    getattr(web, step['keyword'].lower())(step)
  File "E:/py_workspaces/sweetest/sweetest-master/sweetest\sweetest\keywords\web.py", line 146, in input
    element_location.clear()
  File "E:\py_workspaces\sweetest\sweetest-master\venv\lib\site-packages\selenium\webdriver\remote\webelement.py", line 95, in clear
    self._execute(Command.CLEAR_ELEMENT)
  File "E:\py_workspaces\sweetest\sweetest-master\venv\lib\site-packages\selenium\webdriver\remote\webelement.py", line 633, in _execute
    return self._parent.execute(command, params)
  File "E:\py_workspaces\sweetest\sweetest-master\venv\lib\site-packages\selenium\webdriver\remote\webdriver.py", line 321, in execute
    self.error_handler.check_response(response)
  File "E:\py_workspaces\sweetest\sweetest-master\venv\lib\site-packages\selenium\webdriver\remote\errorhandler.py", line 242, in check_response
    raise exception_class(message, screen, stacktrace)
selenium.common.exceptions.WebDriverException: Message: unknown error: call function result missing 'value'
  (Session info: chrome=68.0.3440.106)
  (Driver info: chromedriver=2.33.506120 (e3e53437346286c0bc2d2dc9aa4915ba81d9023f),platform=Windows NT 6.1.7601 SP1 x86_64)

2018-10-16 15:51:55,720 [INFO] autotest.py line:93: Testsuite imported from Excel:
[
    {
        "id": "HOME_001",
        "title": "打开百度",
        "condition": "SETUP",
        "designer": "",
        "flag": "",
        "result": "",
        "remark": "",
        "priority": "H",
        "steps": [
            {
                "control": "",
                "no": "1",
                "keyword": "打开",
                "page": "",
                "element": "百度搜索链接",
                "data": "标签页名=百度搜索窗口",
                "expected": "",
                "output": "",
                "score": "",
                "remark": "",
                "_keyword": "打开",
                "_element": "百度搜索链接",
                "_data": "标签页名=百度搜索窗口",
                "vdata": "标签页名=百度搜索窗口",
                "_expected": "",
                "_output": ""
            },
            {
                "control": "",
                "no": "2",
                "keyword": "检查",
                "page": "百度搜索页面",
                "element": "页面title",
                "data": "百度一下\\，你就知道",
                "expected": "",
                "output": "",
                "score": "",
                "remark": "",
                "_keyword": "检查",
                "_element": "页面title",
                "_data": "百度一下\\，你就知道",
                "vdata": "百度一下\\，你就知道",
                "_expected": "",
                "_output": ""
            }
        ]
    },
    {
        "id": "BAIDU_001",
        "title": "搜索：自动化测试",
        "condition": "",
        "designer": "",
        "flag": "",
        "result": "",
        "remark": "",
        "priority": "H",
        "steps": [
            {
                "control": "",
                "no": "1",
                "keyword": "输入",
                "page": "",
                "element": "搜索框",
                "data": "自动化测试",
                "expected": "",
                "output": "",
                "score": "",
                "remark": "",
                "_keyword": "输入",
                "_element": "搜索框",
                "_data": "自动化测试",
                "vdata": "自动化测试",
                "_expected": "",
                "_output": ""
            },
            {
                "control": "",
                "no": "2",
                "keyword": "点击",
                "page": "",
                "element": "搜索按钮",
                "data": "",
                "expected": "",
                "output": "",
                "score": "",
                "remark": "",
                "_keyword": "点击",
                "_element": "搜索按钮",
                "_data": "",
                "vdata": "",
                "_expected": "",
                "_output": ""
            },
            {
                "control": "",
                "no": "3",
                "keyword": "检查",
                "page": "",
                "element": "页面title",
                "data": "自动化测试_百度搜索",
                "expected": "",
                "output": "",
                "score": "",
                "remark": "检查的预期结果建议写在测试数据列，也可以写在预期结果列。如果没有 http 接口测试，可以删除预期结果列。",
                "_keyword": "检查",
                "_element": "页面title",
                "_data": "自动化测试_百度搜索",
                "vdata": "自动化测试_百度搜索",
                "_expected": "",
                "_output": ""
            }
        ]
    }
]
2018-10-16 15:51:55,722 [INFO] autotest.py line:94: From Excel import testsuite success
2018-10-16 15:52:00,693 [INFO] testsuite.py line:98: Run the testcase: HOME_001|打开百度 Skipped, because the flag=N or the condition=snippet
2018-10-16 15:52:00,695 [INFO] testsuite.py line:28: Start running the SETUP testcase...
2018-10-16 15:52:00,707 [INFO] testcase.py line:56: Run the TestCase: HOME_001|打开百度
2018-10-16 15:52:00,708 [INFO] testcase.py line:73: Run the Step: 1|OPEN|百度搜索链接
2018-10-16 15:52:18,021 [INFO] testcase.py line:148: Run the Step: 1|OPEN|通用-百度搜索链接 is Pass
2018-10-16 15:52:18,224 [INFO] testcase.py line:73: Run the Step: 2|CHECK|页面title
2018-10-16 15:52:32,357 [INFO] web.py line:16: DATA:'百度一下，你就知道'
2018-10-16 15:52:32,385 [INFO] web.py line:17: REAL:'百度一下，你就知道'
2018-10-16 15:52:32,406 [INFO] testcase.py line:148: Run the Step: 2|CHECK|通用-页面title is Pass
2018-10-16 15:52:32,630 [INFO] testcase.py line:56: Run the TestCase: BAIDU_001|搜索：自动化测试
2018-10-16 15:52:32,632 [INFO] testcase.py line:73: Run the Step: 1|INPUT|搜索框
2018-10-16 15:56:14,721 [INFO] autotest.py line:93: Testsuite imported from Excel:
[
    {
        "id": "HOME_001",
        "title": "打开百度",
        "condition": "SETUP",
        "designer": "",
        "flag": "",
        "result": "",
        "remark": "",
        "priority": "H",
        "steps": [
            {
                "control": "",
                "no": "1",
                "keyword": "打开",
                "page": "",
                "element": "百度搜索链接",
                "data": "标签页名=百度搜索窗口",
                "expected": "",
                "output": "",
                "score": "",
                "remark": "",
                "_keyword": "打开",
                "_element": "百度搜索链接",
                "_data": "标签页名=百度搜索窗口",
                "vdata": "标签页名=百度搜索窗口",
                "_expected": "",
                "_output": ""
            },
            {
                "control": "",
                "no": "2",
                "keyword": "检查",
                "page": "百度搜索页面",
                "element": "页面title",
                "data": "百度一下\\，你就知道",
                "expected": "",
                "output": "",
                "score": "",
                "remark": "",
                "_keyword": "检查",
                "_element": "页面title",
                "_data": "百度一下\\，你就知道",
                "vdata": "百度一下\\，你就知道",
                "_expected": "",
                "_output": ""
            }
        ]
    },
    {
        "id": "BAIDU_001",
        "title": "搜索：自动化测试",
        "condition": "",
        "designer": "",
        "flag": "",
        "result": "",
        "remark": "",
        "priority": "H",
        "steps": [
            {
                "control": "",
                "no": "1",
                "keyword": "输入",
                "page": "",
                "element": "搜索框",
                "data": "自动化测试",
                "expected": "",
                "output": "",
                "score": "",
                "remark": "",
                "_keyword": "输入",
                "_element": "搜索框",
                "_data": "自动化测试",
                "vdata": "自动化测试",
                "_expected": "",
                "_output": ""
            },
            {
                "control": "",
                "no": "2",
                "keyword": "点击",
                "page": "",
                "element": "搜索按钮",
                "data": "",
                "expected": "",
                "output": "",
                "score": "",
                "remark": "",
                "_keyword": "点击",
                "_element": "搜索按钮",
                "_data": "",
                "vdata": "",
                "_expected": "",
                "_output": ""
            },
            {
                "control": "",
                "no": "3",
                "keyword": "检查",
                "page": "",
                "element": "页面title",
                "data": "自动化测试_百度搜索",
                "expected": "",
                "output": "",
                "score": "",
                "remark": "检查的预期结果建议写在测试数据列，也可以写在预期结果列。如果没有 http 接口测试，可以删除预期结果列。",
                "_keyword": "检查",
                "_element": "页面title",
                "_data": "自动化测试_百度搜索",
                "vdata": "自动化测试_百度搜索",
                "_expected": "",
                "_output": ""
            }
        ]
    }
]
2018-10-16 15:56:14,721 [INFO] autotest.py line:94: From Excel import testsuite success
2018-10-16 15:56:19,629 [INFO] testsuite.py line:98: Run the testcase: HOME_001|打开百度 Skipped, because the flag=N or the condition=snippet
2018-10-16 15:56:19,630 [INFO] testsuite.py line:28: Start running the SETUP testcase...
2018-10-16 15:56:19,637 [INFO] testcase.py line:56: Run the TestCase: HOME_001|打开百度
2018-10-16 15:56:19,637 [INFO] testcase.py line:73: Run the Step: 1|OPEN|百度搜索链接
2018-10-16 15:56:28,208 [INFO] testcase.py line:148: Run the Step: 1|OPEN|通用-百度搜索链接 is Pass
2018-10-16 15:56:28,411 [INFO] testcase.py line:73: Run the Step: 2|CHECK|页面title
2018-10-16 15:56:48,406 [INFO] web.py line:16: DATA:'百度一下，你就知道'
2018-10-16 15:56:48,431 [INFO] web.py line:17: REAL:'百度一下，你就知道'
2018-10-16 15:56:48,443 [INFO] testcase.py line:148: Run the Step: 2|CHECK|通用-页面title is Pass
2018-10-16 15:56:48,647 [INFO] testcase.py line:56: Run the TestCase: BAIDU_001|搜索：自动化测试
2018-10-16 15:56:48,650 [INFO] testcase.py line:73: Run the Step: 1|INPUT|搜索框
2018-10-16 16:02:58,617 [ERROR] testcase.py line:178: Run the Step: 1|INPUT|百度搜索页面-搜索框 is Failure
Traceback (most recent call last):
  File "E:/py_workspaces/sweetest/sweetest-master/sweetest\sweetest\testcase.py", line 105, in run
    getattr(web, step['keyword'].lower())(step)
  File "E:/py_workspaces/sweetest/sweetest-master/sweetest\sweetest\keywords\web.py", line 146, in input
    element_location.clear()
  File "E:\py_workspaces\sweetest\sweetest-master\venv\lib\site-packages\selenium\webdriver\remote\webelement.py", line 95, in clear
    self._execute(Command.CLEAR_ELEMENT)
  File "E:\py_workspaces\sweetest\sweetest-master\venv\lib\site-packages\selenium\webdriver\remote\webelement.py", line 633, in _execute
    return self._parent.execute(command, params)
  File "E:\py_workspaces\sweetest\sweetest-master\venv\lib\site-packages\selenium\webdriver\remote\webdriver.py", line 321, in execute
    self.error_handler.check_response(response)
  File "E:\py_workspaces\sweetest\sweetest-master\venv\lib\site-packages\selenium\webdriver\remote\errorhandler.py", line 242, in check_response
    raise exception_class(message, screen, stacktrace)
selenium.common.exceptions.WebDriverException: Message: unknown error: call function result missing 'value'
  (Session info: chrome=68.0.3440.106)
  (Driver info: chromedriver=2.33.506120 (e3e53437346286c0bc2d2dc9aa4915ba81d9023f),platform=Windows NT 6.1.7601 SP1 x86_64)

2018-10-16 16:22:10,122 [INFO] autotest.py line:93: Testsuite imported from Excel:
[
    {
        "id": "HOME_001",
        "title": "打开百度",
        "condition": "SETUP",
        "designer": "",
        "flag": "",
        "result": "",
        "remark": "",
        "priority": "H",
        "steps": [
            {
                "control": "",
                "no": "1",
                "keyword": "打开",
                "page": "",
                "element": "百度搜索链接",
                "data": "标签页名=百度搜索窗口",
                "expected": "",
                "output": "",
                "score": "",
                "remark": "",
                "_keyword": "打开",
                "_element": "百度搜索链接",
                "_data": "标签页名=百度搜索窗口",
                "vdata": "标签页名=百度搜索窗口",
                "_expected": "",
                "_output": ""
            },
            {
                "control": "",
                "no": "2",
                "keyword": "检查",
                "page": "百度搜索页面",
                "element": "页面title",
                "data": "百度一下\\，你就知道",
                "expected": "",
                "output": "",
                "score": "",
                "remark": "",
                "_keyword": "检查",
                "_element": "页面title",
                "_data": "百度一下\\，你就知道",
                "vdata": "百度一下\\，你就知道",
                "_expected": "",
                "_output": ""
            }
        ]
    },
    {
        "id": "BAIDU_001",
        "title": "搜索：自动化测试",
        "condition": "",
        "designer": "",
        "flag": "",
        "result": "",
        "remark": "",
        "priority": "H",
        "steps": [
            {
                "control": "",
                "no": "1",
                "keyword": "输入",
                "page": "",
                "element": "搜索框",
                "data": "自动化测试",
                "expected": "",
                "output": "",
                "score": "",
                "remark": "",
                "_keyword": "输入",
                "_element": "搜索框",
                "_data": "自动化测试",
                "vdata": "自动化测试",
                "_expected": "",
                "_output": ""
            },
            {
                "control": "",
                "no": "2",
                "keyword": "点击",
                "page": "",
                "element": "搜索按钮",
                "data": "",
                "expected": "",
                "output": "",
                "score": "",
                "remark": "",
                "_keyword": "点击",
                "_element": "搜索按钮",
                "_data": "",
                "vdata": "",
                "_expected": "",
                "_output": ""
            },
            {
                "control": "",
                "no": "3",
                "keyword": "检查",
                "page": "",
                "element": "页面title",
                "data": "自动化测试_百度搜索",
                "expected": "",
                "output": "",
                "score": "",
                "remark": "检查的预期结果建议写在测试数据列，也可以写在预期结果列。如果没有 http 接口测试，可以删除预期结果列。",
                "_keyword": "检查",
                "_element": "页面title",
                "_data": "自动化测试_百度搜索",
                "vdata": "自动化测试_百度搜索",
                "_expected": "",
                "_output": ""
            }
        ]
    }
]
2018-10-16 16:22:10,204 [INFO] autotest.py line:94: From Excel import testsuite success
2018-10-16 16:22:14,145 [INFO] testsuite.py line:98: Run the testcase: HOME_001|打开百度 Skipped, because the flag=N or the condition=snippet
2018-10-16 16:22:14,155 [INFO] testsuite.py line:28: Start running the SETUP testcase...
2018-10-16 16:22:14,156 [INFO] testcase.py line:56: Run the TestCase: HOME_001|打开百度
2018-10-16 16:22:14,159 [INFO] testcase.py line:73: Run the Step: 1|OPEN|百度搜索链接
2018-10-16 16:22:15,327 [INFO] testcase.py line:148: Run the Step: 1|OPEN|通用-百度搜索链接 is Pass
2018-10-16 16:22:15,540 [INFO] testcase.py line:73: Run the Step: 2|CHECK|页面title
2018-10-16 16:22:15,542 [INFO] web.py line:16: DATA:'百度一下，你就知道'
2018-10-16 16:22:15,551 [INFO] web.py line:17: REAL:'百度一下，你就知道'
2018-10-16 16:22:15,560 [INFO] testcase.py line:148: Run the Step: 2|CHECK|通用-页面title is Pass
2018-10-16 16:22:15,762 [INFO] testcase.py line:56: Run the TestCase: BAIDU_001|搜索：自动化测试
2018-10-16 16:22:15,764 [INFO] testcase.py line:73: Run the Step: 1|INPUT|搜索框
2018-10-16 16:22:16,162 [ERROR] testcase.py line:178: Run the Step: 1|INPUT|百度搜索页面-搜索框 is Failure
Traceback (most recent call last):
  File "E:\py_workspaces\sweetest\sweetest-master\sweetest\sweetest\testcase.py", line 105, in run
    getattr(web, step['keyword'].lower())(step)
  File "E:\py_workspaces\sweetest\sweetest-master\sweetest\sweetest\keywords\web.py", line 146, in input
    element_location.clear()
  File "E:\Python36\lib\site-packages\selenium\webdriver\remote\webelement.py", line 95, in clear
    self._execute(Command.CLEAR_ELEMENT)
  File "E:\Python36\lib\site-packages\selenium\webdriver\remote\webelement.py", line 501, in _execute
    return self._parent.execute(command, params)
  File "E:\Python36\lib\site-packages\selenium\webdriver\remote\webdriver.py", line 311, in execute
    self.error_handler.check_response(response)
  File "E:\Python36\lib\site-packages\selenium\webdriver\remote\errorhandler.py", line 237, in check_response
    raise exception_class(message, screen, stacktrace)
selenium.common.exceptions.WebDriverException: Message: unknown error: call function result missing 'value'
  (Session info: chrome=68.0.3440.106)
  (Driver info: chromedriver=2.33.506120 (e3e53437346286c0bc2d2dc9aa4915ba81d9023f),platform=Windows NT 6.1.7601 SP1 x86_64)

2018-10-16 16:36:54,407 [INFO] autotest.py line:93: Testsuite imported from Excel:
[
    {
        "id": "HOME_001",
        "title": "打开百度",
        "condition": "SETUP",
        "designer": "",
        "flag": "",
        "result": "",
        "remark": "",
        "priority": "H",
        "steps": [
            {
                "control": "",
                "no": "1",
                "keyword": "打开",
                "page": "",
                "element": "百度搜索链接",
                "data": "标签页名=百度搜索窗口",
                "expected": "",
                "output": "",
                "score": "",
                "remark": "",
                "_keyword": "打开",
                "_element": "百度搜索链接",
                "_data": "标签页名=百度搜索窗口",
                "vdata": "标签页名=百度搜索窗口",
                "_expected": "",
                "_output": ""
            },
            {
                "control": "",
                "no": "2",
                "keyword": "检查",
                "page": "百度搜索页面",
                "element": "页面title",
                "data": "百度一下\\，你就知道",
                "expected": "",
                "output": "",
                "score": "",
                "remark": "",
                "_keyword": "检查",
                "_element": "页面title",
                "_data": "百度一下\\，你就知道",
                "vdata": "百度一下\\，你就知道",
                "_expected": "",
                "_output": ""
            }
        ]
    },
    {
        "id": "BAIDU_001",
        "title": "搜索：自动化测试",
        "condition": "",
        "designer": "",
        "flag": "",
        "result": "",
        "remark": "",
        "priority": "H",
        "steps": [
            {
                "control": "",
                "no": "1",
                "keyword": "输入",
                "page": "",
                "element": "搜索框",
                "data": "自动化测试",
                "expected": "",
                "output": "",
                "score": "",
                "remark": "",
                "_keyword": "输入",
                "_element": "搜索框",
                "_data": "自动化测试",
                "vdata": "自动化测试",
                "_expected": "",
                "_output": ""
            },
            {
                "control": "",
                "no": "2",
                "keyword": "点击",
                "page": "",
                "element": "搜索按钮",
                "data": "",
                "expected": "",
                "output": "",
                "score": "",
                "remark": "",
                "_keyword": "点击",
                "_element": "搜索按钮",
                "_data": "",
                "vdata": "",
                "_expected": "",
                "_output": ""
            },
            {
                "control": "",
                "no": "3",
                "keyword": "检查",
                "page": "",
                "element": "页面title",
                "data": "自动化测试_百度搜索",
                "expected": "",
                "output": "",
                "score": "",
                "remark": "检查的预期结果建议写在测试数据列，也可以写在预期结果列。如果没有 http 接口测试，可以删除预期结果列。",
                "_keyword": "检查",
                "_element": "页面title",
                "_data": "自动化测试_百度搜索",
                "vdata": "自动化测试_百度搜索",
                "_expected": "",
                "_output": ""
            }
        ]
    }
]
2018-10-16 16:36:54,491 [INFO] autotest.py line:94: From Excel import testsuite success
2018-10-16 16:36:54,508 [ERROR] autotest.py line:111: *** Init global object fail ***
Traceback (most recent call last):
  File "E:\Python36\lib\site-packages\selenium\webdriver\common\service.py", line 74, in start
    stdout=self.log_file, stderr=self.log_file)
  File "E:\Python36\lib\subprocess.py", line 707, in __init__
    restore_signals, start_new_session)
  File "E:\Python36\lib\subprocess.py", line 990, in _execute_child
    startupinfo)
FileNotFoundError: [WinError 2] 系统找不到指定的文件。

During handling of the above exception, another exception occurred:

Traceback (most recent call last):
  File "E:\py_workspaces\sweetest\sweetest-master\sweetest\sweetest\autotest.py", line 103, in run
    g.set_driver()
  File "E:\py_workspaces\sweetest\sweetest-master\sweetest\sweetest\globals.py", line 43, in set_driver
    self.driver = webdriver.Chrome(chrome_options=options)
  File "E:\Python36\lib\site-packages\selenium\webdriver\chrome\webdriver.py", line 68, in __init__
    self.service.start()
  File "E:\Python36\lib\site-packages\selenium\webdriver\common\service.py", line 81, in start
    os.path.basename(self.path), self.start_error_message)
selenium.common.exceptions.WebDriverException: Message: 'chromedriver' executable needs to be in PATH. Please see https://sites.google.com/a/chromium.org/chromedriver/home

2018-10-16 16:40:42,420 [INFO] autotest.py line:93: Testsuite imported from Excel:
[
    {
        "id": "HOME_001",
        "title": "打开百度",
        "condition": "SETUP",
        "designer": "",
        "flag": "",
        "result": "",
        "remark": "",
        "priority": "H",
        "steps": [
            {
                "control": "",
                "no": "1",
                "keyword": "打开",
                "page": "",
                "element": "百度搜索链接",
                "data": "标签页名=百度搜索窗口",
                "expected": "",
                "output": "",
                "score": "",
                "remark": "",
                "_keyword": "打开",
                "_element": "百度搜索链接",
                "_data": "标签页名=百度搜索窗口",
                "vdata": "标签页名=百度搜索窗口",
                "_expected": "",
                "_output": ""
            },
            {
                "control": "",
                "no": "2",
                "keyword": "检查",
                "page": "百度搜索页面",
                "element": "页面title",
                "data": "百度一下\\，你就知道",
                "expected": "",
                "output": "",
                "score": "",
                "remark": "",
                "_keyword": "检查",
                "_element": "页面title",
                "_data": "百度一下\\，你就知道",
                "vdata": "百度一下\\，你就知道",
                "_expected": "",
                "_output": ""
            }
        ]
    },
    {
        "id": "BAIDU_001",
        "title": "搜索：自动化测试",
        "condition": "",
        "designer": "",
        "flag": "",
        "result": "",
        "remark": "",
        "priority": "H",
        "steps": [
            {
                "control": "",
                "no": "1",
                "keyword": "输入",
                "page": "",
                "element": "搜索框",
                "data": "自动化测试",
                "expected": "",
                "output": "",
                "score": "",
                "remark": "",
                "_keyword": "输入",
                "_element": "搜索框",
                "_data": "自动化测试",
                "vdata": "自动化测试",
                "_expected": "",
                "_output": ""
            },
            {
                "control": "",
                "no": "2",
                "keyword": "点击",
                "page": "",
                "element": "搜索按钮",
                "data": "",
                "expected": "",
                "output": "",
                "score": "",
                "remark": "",
                "_keyword": "点击",
                "_element": "搜索按钮",
                "_data": "",
                "vdata": "",
                "_expected": "",
                "_output": ""
            },
            {
                "control": "",
                "no": "3",
                "keyword": "检查",
                "page": "",
                "element": "页面title",
                "data": "自动化测试_百度搜索",
                "expected": "",
                "output": "",
                "score": "",
                "remark": "检查的预期结果建议写在测试数据列，也可以写在预期结果列。如果没有 http 接口测试，可以删除预期结果列。",
                "_keyword": "检查",
                "_element": "页面title",
                "_data": "自动化测试_百度搜索",
                "vdata": "自动化测试_百度搜索",
                "_expected": "",
                "_output": ""
            }
        ]
    }
]
2018-10-16 16:40:42,494 [INFO] autotest.py line:94: From Excel import testsuite success
2018-10-16 16:40:45,306 [INFO] testsuite.py line:98: Run the testcase: HOME_001|打开百度 Skipped, because the flag=N or the condition=snippet
2018-10-16 16:40:45,314 [INFO] testsuite.py line:28: Start running the SETUP testcase...
2018-10-16 16:40:45,315 [INFO] testcase.py line:56: Run the TestCase: HOME_001|打开百度
2018-10-16 16:40:45,316 [INFO] testcase.py line:73: Run the Step: 1|OPEN|百度搜索链接
2018-10-16 16:40:46,324 [INFO] testcase.py line:148: Run the Step: 1|OPEN|通用-百度搜索链接 is Pass
2018-10-16 16:40:46,537 [INFO] testcase.py line:73: Run the Step: 2|CHECK|页面title
2018-10-16 16:40:46,539 [INFO] web.py line:16: DATA:'百度一下，你就知道'
2018-10-16 16:40:46,549 [INFO] web.py line:17: REAL:'百度一下，你就知道'
2018-10-16 16:40:46,555 [INFO] testcase.py line:148: Run the Step: 2|CHECK|通用-页面title is Pass
2018-10-16 16:40:46,757 [INFO] testcase.py line:56: Run the TestCase: BAIDU_001|搜索：自动化测试
2018-10-16 16:40:46,759 [INFO] testcase.py line:73: Run the Step: 1|INPUT|搜索框
2018-10-16 16:40:47,442 [INFO] testcase.py line:148: Run the Step: 1|INPUT|百度搜索页面-搜索框 is Pass
2018-10-16 16:40:47,666 [INFO] testcase.py line:73: Run the Step: 2|CLICK|搜索按钮
2018-10-16 16:40:48,369 [INFO] testcase.py line:148: Run the Step: 2|CLICK|百度搜索页面-搜索按钮 is Pass
2018-10-16 16:40:48,571 [INFO] testcase.py line:73: Run the Step: 3|CHECK|页面title
2018-10-16 16:40:48,573 [INFO] web.py line:16: DATA:'自动化测试_百度搜索'
2018-10-16 16:40:48,581 [INFO] web.py line:17: REAL:'自动化测试_百度搜索'
2018-10-16 16:40:48,587 [INFO] testcase.py line:148: Run the Step: 3|CHECK|通用-页面title is Pass
2018-10-16 17:07:56,733 [INFO] autotest.py line:93: Testsuite imported from Excel:
[
    {
        "id": "HOME_001",
        "title": "打开百度",
        "condition": "SETUP",
        "designer": "",
        "flag": "",
        "result": "",
        "remark": "",
        "priority": "H",
        "steps": [
            {
                "control": "",
                "no": "1",
                "keyword": "打开",
                "page": "",
                "element": "百度搜索链接",
                "data": "标签页名=百度搜索窗口",
                "expected": "",
                "output": "",
                "score": "",
                "remark": "",
                "_keyword": "打开",
                "_element": "百度搜索链接",
                "_data": "标签页名=百度搜索窗口",
                "vdata": "标签页名=百度搜索窗口",
                "_expected": "",
                "_output": ""
            },
            {
                "control": "",
                "no": "2",
                "keyword": "检查",
                "page": "百度搜索页面",
                "element": "页面title",
                "data": "百度一下\\，你就知道",
                "expected": "",
                "output": "",
                "score": "",
                "remark": "",
                "_keyword": "检查",
                "_element": "页面title",
                "_data": "百度一下\\，你就知道",
                "vdata": "百度一下\\，你就知道",
                "_expected": "",
                "_output": ""
            }
        ]
    },
    {
        "id": "BAIDU_001",
        "title": "搜索：自动化测试",
        "condition": "",
        "designer": "",
        "flag": "",
        "result": "",
        "remark": "",
        "priority": "H",
        "steps": [
            {
                "control": "",
                "no": "1",
                "keyword": "输入",
                "page": "",
                "element": "搜索框",
                "data": "自动化测试",
                "expected": "",
                "output": "",
                "score": "",
                "remark": "",
                "_keyword": "输入",
                "_element": "搜索框",
                "_data": "自动化测试",
                "vdata": "自动化测试",
                "_expected": "",
                "_output": ""
            },
            {
                "control": "",
                "no": "2",
                "keyword": "点击",
                "page": "",
                "element": "搜索按钮",
                "data": "",
                "expected": "",
                "output": "",
                "score": "",
                "remark": "",
                "_keyword": "点击",
                "_element": "搜索按钮",
                "_data": "",
                "vdata": "",
                "_expected": "",
                "_output": ""
            },
            {
                "control": "",
                "no": "3",
                "keyword": "检查",
                "page": "",
                "element": "页面title",
                "data": "自动化测试_百度搜索",
                "expected": "",
                "output": "",
                "score": "",
                "remark": "检查的预期结果建议写在测试数据列，也可以写在预期结果列。如果没有 http 接口测试，可以删除预期结果列。",
                "_keyword": "检查",
                "_element": "页面title",
                "_data": "自动化测试_百度搜索",
                "vdata": "自动化测试_百度搜索",
                "_expected": "",
                "_output": ""
            }
        ]
    }
]
2018-10-16 17:07:56,835 [INFO] autotest.py line:94: From Excel import testsuite success
2018-10-16 17:07:59,432 [INFO] testsuite.py line:98: Run the testcase: HOME_001|打开百度 Skipped, because the flag=N or the condition=snippet
2018-10-16 17:07:59,441 [INFO] testsuite.py line:28: Start running the SETUP testcase...
2018-10-16 17:07:59,442 [INFO] testcase.py line:56: Run the TestCase: HOME_001|打开百度
2018-10-16 17:07:59,444 [INFO] testcase.py line:73: Run the Step: 1|OPEN|百度搜索链接
2018-10-16 17:08:00,482 [INFO] testcase.py line:148: Run the Step: 1|OPEN|通用-百度搜索链接 is Pass
2018-10-16 17:08:00,704 [INFO] testcase.py line:73: Run the Step: 2|CHECK|页面title
2018-10-16 17:08:00,706 [INFO] web.py line:16: DATA:'百度一下，你就知道'
2018-10-16 17:08:00,716 [INFO] web.py line:17: REAL:'百度一下，你就知道'
2018-10-16 17:08:00,723 [INFO] testcase.py line:148: Run the Step: 2|CHECK|通用-页面title is Pass
2018-10-16 17:08:00,925 [INFO] testcase.py line:56: Run the TestCase: BAIDU_001|搜索：自动化测试
2018-10-16 17:08:00,927 [INFO] testcase.py line:73: Run the Step: 1|INPUT|搜索框
2018-10-16 17:08:01,609 [INFO] testcase.py line:148: Run the Step: 1|INPUT|百度搜索页面-搜索框 is Pass
2018-10-16 17:08:01,832 [INFO] testcase.py line:73: Run the Step: 2|CLICK|搜索按钮
2018-10-16 17:08:02,810 [INFO] testcase.py line:148: Run the Step: 2|CLICK|百度搜索页面-搜索按钮 is Pass
2018-10-16 17:08:03,034 [INFO] testcase.py line:73: Run the Step: 3|CHECK|页面title
2018-10-16 17:08:03,036 [INFO] web.py line:16: DATA:'自动化测试_百度搜索'
2018-10-16 17:08:03,044 [INFO] web.py line:17: REAL:'自动化测试_百度搜索'
2018-10-16 17:08:03,050 [INFO] testcase.py line:148: Run the Step: 3|CHECK|通用-页面title is Pass
2018-10-16 17:09:28,172 [INFO] autotest.py line:93: Testsuite imported from Excel:
[
    {
        "id": "HOME_001",
        "title": "打开百度",
        "condition": "SETUP",
        "designer": "",
        "flag": "",
        "result": "",
        "remark": "",
        "priority": "H",
        "steps": [
            {
                "control": "",
                "no": "1",
                "keyword": "打开",
                "page": "",
                "element": "百度搜索链接",
                "data": "标签页名=百度搜索窗口",
                "expected": "",
                "output": "",
                "score": "",
                "remark": "",
                "_keyword": "打开",
                "_element": "百度搜索链接",
                "_data": "标签页名=百度搜索窗口",
                "vdata": "标签页名=百度搜索窗口",
                "_expected": "",
                "_output": ""
            },
            {
                "control": "",
                "no": "2",
                "keyword": "检查",
                "page": "百度搜索页面",
                "element": "页面title",
                "data": "百度一下\\，你就知道",
                "expected": "",
                "output": "",
                "score": "",
                "remark": "",
                "_keyword": "检查",
                "_element": "页面title",
                "_data": "百度一下\\，你就知道",
                "vdata": "百度一下\\，你就知道",
                "_expected": "",
                "_output": ""
            }
        ]
    },
    {
        "id": "BAIDU_001",
        "title": "搜索：自动化测试",
        "condition": "",
        "designer": "",
        "flag": "",
        "result": "",
        "remark": "",
        "priority": "H",
        "steps": [
            {
                "control": "",
                "no": "1",
                "keyword": "输入",
                "page": "",
                "element": "搜索框",
                "data": "自动化测试",
                "expected": "",
                "output": "",
                "score": "",
                "remark": "",
                "_keyword": "输入",
                "_element": "搜索框",
                "_data": "自动化测试",
                "vdata": "自动化测试",
                "_expected": "",
                "_output": ""
            },
            {
                "control": "",
                "no": "2",
                "keyword": "点击",
                "page": "",
                "element": "搜索按钮",
                "data": "",
                "expected": "",
                "output": "",
                "score": "",
                "remark": "",
                "_keyword": "点击",
                "_element": "搜索按钮",
                "_data": "",
                "vdata": "",
                "_expected": "",
                "_output": ""
            },
            {
                "control": "",
                "no": "3",
                "keyword": "检查",
                "page": "",
                "element": "页面title",
                "data": "自动化测试_百度搜索",
                "expected": "",
                "output": "",
                "score": "",
                "remark": "检查的预期结果建议写在测试数据列，也可以写在预期结果列。如果没有 http 接口测试，可以删除预期结果列。",
                "_keyword": "检查",
                "_element": "页面title",
                "_data": "自动化测试_百度搜索",
                "vdata": "自动化测试_百度搜索",
                "_expected": "",
                "_output": ""
            }
        ]
    }
]
2018-10-16 17:09:28,283 [INFO] autotest.py line:94: From Excel import testsuite success
2018-10-16 17:09:30,797 [INFO] testsuite.py line:98: Run the testcase: HOME_001|打开百度 Skipped, because the flag=N or the condition=snippet
2018-10-16 17:09:30,808 [INFO] testsuite.py line:28: Start running the SETUP testcase...
2018-10-16 17:09:30,809 [INFO] testcase.py line:56: Run the TestCase: HOME_001|打开百度
2018-10-16 17:09:30,811 [INFO] testcase.py line:73: Run the Step: 1|OPEN|百度搜索链接
2018-10-16 17:09:31,823 [INFO] testcase.py line:148: Run the Step: 1|OPEN|通用-百度搜索链接 is Pass
2018-10-16 17:09:32,035 [INFO] testcase.py line:73: Run the Step: 2|CHECK|页面title
2018-10-16 17:09:32,037 [INFO] web.py line:16: DATA:'百度一下，你就知道'
2018-10-16 17:09:32,047 [INFO] web.py line:17: REAL:'百度一下，你就知道'
2018-10-16 17:09:32,053 [INFO] testcase.py line:148: Run the Step: 2|CHECK|通用-页面title is Pass
2018-10-16 17:09:32,255 [INFO] testcase.py line:56: Run the TestCase: BAIDU_001|搜索：自动化测试
2018-10-16 17:09:32,257 [INFO] testcase.py line:73: Run the Step: 1|INPUT|搜索框
2018-10-16 17:09:32,932 [INFO] testcase.py line:148: Run the Step: 1|INPUT|百度搜索页面-搜索框 is Pass
2018-10-16 17:09:33,136 [INFO] testcase.py line:73: Run the Step: 2|CLICK|搜索按钮
2018-10-16 17:09:33,753 [INFO] testcase.py line:148: Run the Step: 2|CLICK|百度搜索页面-搜索按钮 is Pass
2018-10-16 17:09:33,957 [INFO] testcase.py line:73: Run the Step: 3|CHECK|页面title
2018-10-16 17:09:33,959 [INFO] web.py line:16: DATA:'自动化测试_百度搜索'
2018-10-16 17:09:33,967 [INFO] web.py line:17: REAL:'自动化测试_百度搜索'
2018-10-16 17:09:33,974 [INFO] testcase.py line:148: Run the Step: 3|CHECK|通用-页面title is Pass
