2018-10-12 11:24:09,358 [INFO] autotest.py line:92: Testsuite imported from Excel:
[
    {
        "id": "HOME_001",
        "title": "打开百度",
        "condition": "SETUP",
        "designer": "",
        "flag": "",
        "result": "",
        "remark": "",
        "priority": "H",
        "steps": [
            {
                "control": "",
                "no": "1",
                "keyword": "打开",
                "page": "",
                "element": "百度搜索链接",
                "data": "标签页名=百度搜索窗口",
                "expected": "",
                "output": "",
                "score": "",
                "remark": "",
                "_keyword": "打开",
                "_element": "百度搜索链接",
                "_data": "标签页名=百度搜索窗口",
                "vdata": "标签页名=百度搜索窗口",
                "_expected": "",
                "_output": ""
            },
            {
                "control": "",
                "no": "2",
                "keyword": "检查",
                "page": "百度搜索页面",
                "element": "页面title",
                "data": "百度一下\\，你就知道",
                "expected": "",
                "output": "",
                "score": "",
                "remark": "",
                "_keyword": "检查",
                "_element": "页面title",
                "_data": "百度一下\\，你就知道",
                "vdata": "百度一下\\，你就知道",
                "_expected": "",
                "_output": ""
            }
        ]
    },
    {
        "id": "BAIDU_001",
        "title": "搜索：自动化测试",
        "condition": "",
        "designer": "",
        "flag": "",
        "result": "",
        "remark": "",
        "priority": "H",
        "steps": [
            {
                "control": "",
                "no": "1",
                "keyword": "输入",
                "page": "",
                "element": "搜索框",
                "data": "自动化测试",
                "expected": "",
                "output": "",
                "score": "",
                "remark": "",
                "_keyword": "输入",
                "_element": "搜索框",
                "_data": "自动化测试",
                "vdata": "自动化测试",
                "_expected": "",
                "_output": ""
            },
            {
                "control": "",
                "no": "2",
                "keyword": "点击",
                "page": "",
                "element": "搜索按钮",
                "data": "",
                "expected": "",
                "output": "",
                "score": "",
                "remark": "",
                "_keyword": "点击",
                "_element": "搜索按钮",
                "_data": "",
                "vdata": "",
                "_expected": "",
                "_output": ""
            },
            {
                "control": "",
                "no": "3",
                "keyword": "检查",
                "page": "",
                "element": "页面title",
                "data": "自动化测试_百度搜索",
                "expected": "",
                "output": "",
                "score": "",
                "remark": "检查的预期结果建议写在测试数据列，也可以写在预期结果列。如果没有 http 接口测试，可以删除预期结果列。",
                "_keyword": "检查",
                "_element": "页面title",
                "_data": "自动化测试_百度搜索",
                "vdata": "自动化测试_百度搜索",
                "_expected": "",
                "_output": ""
            }
        ]
    },
    {
        "id": "SNIPPET_001",
        "title": "搜索：<keywords>",
        "condition": "SNIPPET",
        "designer": "",
        "flag": "",
        "result": "",
        "remark": "",
        "priority": "M",
        "steps": [
            {
                "control": "",
                "no": "1",
                "keyword": "输入",
                "page": "百度搜索页面",
                "element": "搜索框",
                "data": "<keywords>",
                "expected": "",
                "output": "",
                "score": "",
                "remark": "",
                "_keyword": "输入",
                "_element": "搜索框",
                "_data": "<keywords>",
                "vdata": "<keywords>",
                "_expected": "",
                "_output": ""
            },
            {
                "control": "",
                "no": "2",
                "keyword": "点击",
                "page": "",
                "element": "搜索按钮",
                "data": "",
                "expected": "",
                "output": "",
                "score": "",
                "remark": "",
                "_keyword": "点击",
                "_element": "搜索按钮",
                "_data": "",
                "vdata": "",
                "_expected": "",
                "_output": ""
            },
            {
                "control": "",
                "no": "3",
                "keyword": "检查",
                "page": "",
                "element": "页面title",
                "data": "<keywords>_百度搜索",
                "expected": "",
                "output": "",
                "score": "",
                "remark": "",
                "_keyword": "检查",
                "_element": "页面title",
                "_data": "<keywords>_百度搜索",
                "vdata": "<keywords>_百度搜索",
                "_expected": "",
                "_output": ""
            },
            {
                "control": "",
                "no": "4",
                "keyword": "点击",
                "page": "",
                "element": "搜索结果#1",
                "data": "",
                "expected": "",
                "output": "",
                "score": "",
                "remark": "",
                "_keyword": "点击",
                "_element": "搜索结果#1",
                "_data": "",
                "vdata": "",
                "_expected": "",
                "_output": ""
            },
            {
                "control": "",
                "no": "5",
                "keyword": "检查",
                "page": "",
                "element": "页面title",
                "data": "<title>",
                "expected": "",
                "output": "",
                "score": "",
                "remark": "",
                "_keyword": "检查",
                "_element": "页面title",
                "_data": "<title>",
                "vdata": "<title>",
                "_expected": "",
                "_output": ""
            }
        ]
    },
    {
        "id": "BAIDU_002",
        "title": "搜索：搜狗",
        "condition": "",
        "designer": "",
        "flag": "",
        "result": "",
        "remark": "",
        "priority": "M",
        "steps": [
            {
                "control": "",
                "no": "1",
                "keyword": "执行",
                "page": "用例片段",
                "element": "SNIPPET_001",
                "data": "keywords=搜狗,title=搜狗搜索引擎 - 上网从搜狗开始",
                "expected": "",
                "output": "",
                "score": "",
                "remark": "",
                "_keyword": "执行",
                "_element": "SNIPPET_001",
                "_data": "keywords=搜狗,title=搜狗搜索引擎 - 上网从搜狗开始",
                "vdata": "keywords=搜狗,title=搜狗搜索引擎 - 上网从搜狗开始",
                "_expected": "",
                "_output": ""
            },
            {
                "control": "",
                "no": "2",
                "keyword": "点击",
                "page": "百度搜索页面",
                "element": "搜索结果#1",
                "data": "",
                "expected": "",
                "output": "title=text",
                "score": "",
                "remark": "",
                "_keyword": "点击",
                "_element": "搜索结果#1",
                "_data": "",
                "vdata": "",
                "_expected": "",
                "_output": "title=text"
            },
            {
                "control": "",
                "no": "3",
                "keyword": "检查",
                "page": "",
                "element": "页面title",
                "data": "<title>",
                "expected": "",
                "output": "",
                "score": "",
                "remark": "",
                "_keyword": "检查",
                "_element": "页面title",
                "_data": "<title>",
                "vdata": "<title>",
                "_expected": "",
                "_output": ""
            }
        ]
    },
    {
        "id": "BAIDU_003",
        "title": "搜索：知乎",
        "condition": "",
        "designer": "",
        "flag": "N",
        "result": "",
        "remark": "",
        "priority": "M",
        "steps": [
            {
                "control": "",
                "no": "1",
                "keyword": "执行",
                "page": "用例片段",
                "element": "SNIPPET_001",
                "data": "keywords=知乎",
                "expected": "",
                "output": "",
                "score": "",
                "remark": "",
                "_keyword": "执行",
                "_element": "SNIPPET_001",
                "_data": "keywords=知乎",
                "vdata": "keywords=知乎",
                "_expected": "",
                "_output": ""
            },
            {
                "control": "",
                "no": "2",
                "keyword": "点击",
                "page": "",
                "element": "搜索结果#1",
                "data": "",
                "expected": "",
                "output": "",
                "score": "",
                "remark": "",
                "_keyword": "点击",
                "_element": "搜索结果#1",
                "_data": "",
                "vdata": "",
                "_expected": "",
                "_output": ""
            },
            {
                "control": "^",
                "no": "^3",
                "keyword": "检查",
                "page": "",
                "element": "link#注册机构号",
                "data": "",
                "expected": "",
                "output": "",
                "score": "",
                "remark": "",
                "_keyword": "检查",
                "_element": "link#注册机构号",
                "_data": "",
                "vdata": "",
                "_expected": "",
                "_output": ""
            },
            {
                "control": ">",
                "no": ">4",
                "keyword": "点击",
                "page": "",
                "element": "button#注册",
                "data": "",
                "expected": "",
                "output": "",
                "score": "",
                "remark": "",
                "_keyword": "点击",
                "_element": "button#注册",
                "_data": "",
                "vdata": "",
                "_expected": "",
                "_output": ""
            },
            {
                "control": "<",
                "no": "<5",
                "keyword": "点击",
                "page": "",
                "element": "button#提问",
                "data": "",
                "expected": "",
                "output": "",
                "score": "",
                "remark": "",
                "_keyword": "点击",
                "_element": "button#提问",
                "_data": "",
                "vdata": "",
                "_expected": "",
                "_output": ""
            }
        ]
    },
    {
        "id": "BAIDU_004",
        "title": "搜索：雪球行情中心",
        "condition": "",
        "designer": "",
        "flag": "N",
        "result": "",
        "remark": "",
        "priority": "M",
        "steps": [
            {
                "control": "",
                "no": "1",
                "keyword": "执行",
                "page": "用例片段",
                "element": "SNIPPET_001",
                "data": "keywords=雪球行情中心",
                "expected": "",
                "output": "",
                "score": "",
                "remark": "",
                "_keyword": "执行",
                "_element": "SNIPPET_001",
                "_data": "keywords=雪球行情中心",
                "vdata": "keywords=雪球行情中心",
                "_expected": "",
                "_output": ""
            },
            {
                "control": "",
                "no": "2",
                "keyword": "点击",
                "page": "百度搜索页面",
                "element": "搜索结果#1",
                "data": "",
                "expected": "",
                "output": "title=text",
                "score": "",
                "remark": "",
                "_keyword": "点击",
                "_element": "搜索结果#1",
                "_data": "",
                "vdata": "",
                "_expected": "",
                "_output": "title=text"
            },
            {
                "control": "",
                "no": "3",
                "keyword": "检查",
                "page": "",
                "element": "页面title",
                "data": "*雪球",
                "expected": "",
                "output": "",
                "score": "",
                "remark": "",
                "_keyword": "检查",
                "_element": "页面title",
                "_data": "*雪球",
                "vdata": "*雪球",
                "_expected": "",
                "_output": ""
            },
            {
                "control": "",
                "no": "4",
                "keyword": "点击",
                "page": "雪球行情中心",
                "element": "新股预告表格#2#1",
                "data": "",
                "expected": "",
                "output": "name=text",
                "score": "",
                "remark": "",
                "_keyword": "点击",
                "_element": "新股预告表格#2#1",
                "_data": "",
                "vdata": "",
                "_expected": "",
                "_output": "name=text"
            },
            {
                "control": "",
                "no": "5",
                "keyword": "检查",
                "page": "",
                "element": "页面title",
                "data": "*<name>",
                "expected": "",
                "output": "",
                "score": "",
                "remark": "",
                "_keyword": "检查",
                "_element": "页面title",
                "_data": "*<name>",
                "vdata": "*<name>",
                "_expected": "",
                "_output": ""
            }
        ]
    },
    {
        "id": "BAIDU_005",
        "title": "搜索：<测试数据>",
        "condition": "",
        "designer": "",
        "flag": "",
        "result": "",
        "remark": "",
        "priority": "M",
        "steps": [
            {
                "control": "",
                "no": "1",
                "keyword": "执行",
                "page": "用例片段",
                "element": "SNIPPET_001*2",
                "data": "keywords=<_keywords>, title=<_title>",
                "expected": "",
                "output": "",
                "score": "",
                "remark": "",
                "_keyword": "执行",
                "_element": "SNIPPET_001*2",
                "_data": "keywords=<_keywords>, title=<_title>",
                "vdata": "keywords=<_keywords>, title=<_title>",
                "_expected": "",
                "_output": ""
            }
        ]
    },
    {
        "id": "SQL",
        "title": "SQL",
        "condition": "",
        "designer": "",
        "flag": "N",
        "result": "",
        "remark": "",
        "priority": "M",
        "steps": [
            {
                "control": "",
                "no": "1",
                "keyword": "SQL",
                "page": "Oracle",
                "element": "查询User表#STR_GSYL",
                "data": "STKID=000590",
                "expected": "",
                "output": "stkpoolid=STKPOOLID,stkid=STKID",
                "score": "",
                "remark": "",
                "_keyword": "SQL",
                "_element": "查询User表#STR_GSYL",
                "_data": "STKID=000590",
                "vdata": "STKID=000590",
                "_expected": "",
                "_output": "stkpoolid=STKPOOLID,stkid=STKID"
            },
            {
                "control": "",
                "no": "2",
                "keyword": "SQL",
                "page": "",
                "element": "sql#select STKPOOLID,STKID,STKNAME from ir_stkpool_member_etl where STKPOOLID='<stkpoolid>'",
                "data": "STKID=<stkid>",
                "expected": "",
                "output": "",
                "score": "",
                "remark": "",
                "_keyword": "SQL",
                "_element": "sql#select STKPOOLID,STKID,STKNAME from ir_stkpool_member_etl where STKPOOLID='<stkpoolid>'",
                "_data": "STKID=<stkid>",
                "vdata": "STKID=<stkid>",
                "_expected": "",
                "_output": ""
            }
        ]
    },
    {
        "id": "api",
        "title": "api 测试",
        "condition": "",
        "designer": "",
        "flag": "N",
        "result": "",
        "remark": "",
        "priority": "M",
        "steps": [
            {
                "control": "",
                "no": "1",
                "keyword": "POST",
                "page": "Sonar",
                "element": "登录",
                "data": "data={'login': 'admin'\\, 'password': '123456'}, status_code=200",
                "expected": "",
                "output": "",
                "score": "",
                "remark": "",
                "_keyword": "POST",
                "_element": "登录",
                "_data": "data={'login': 'admin'\\, 'password': '123456'}, status_code=200",
                "vdata": "data={'login': 'admin'\\, 'password': '123456'}, status_code=200",
                "_expected": "",
                "_output": ""
            },
            {
                "control": "",
                "no": "2",
                "keyword": "GET",
                "page": "",
                "element": "项目状态#sweetest",
                "data": "",
                "expected": "status_code=200,text=*OK,json={\"projectStatus\":{\"status\":\"OK\"}}",
                "output": "code=status_code,\njson={\"projectStatus\":{\"status\":\"<status>\"}}",
                "score": "",
                "remark": "http 接口测试，预期结果可以写在测试数据列，也可以写在预期结果列，建议写在预期结果列",
                "_keyword": "GET",
                "_element": "项目状态#sweetest",
                "_data": "",
                "vdata": "",
                "_expected": "status_code=200,text=*OK,json={\"projectStatus\":{\"status\":\"OK\"}}",
                "_output": "code=status_code,\njson={\"projectStatus\":{\"status\":\"<status>\"}}"
            },
            {
                "control": "",
                "no": "3",
                "keyword": "POST",
                "page": "xxx",
                "element": "登录#http://vwt-sonar/api/authentication/login",
                "data": "data={'login': 'admin'\\, 'password': '123456'}, headers={'Content-Type':'application/x-www-form-urlencoded'},status_code=200",
                "expected": "",
                "output": "",
                "score": "",
                "remark": "http 接口测试，data，headers 是测试数据，必须写在测试数据列，status_code，json 是预期结果",
                "_keyword": "POST",
                "_element": "登录#http://vwt-sonar/api/authentication/login",
                "_data": "data={'login': 'admin'\\, 'password': '123456'}, headers={'Content-Type':'application/x-www-form-urlencoded'},status_code=200",
                "vdata": "data={'login': 'admin'\\, 'password': '123456'}, headers={'Content-Type':'application/x-www-form-urlencoded'},status_code=200",
                "_expected": "",
                "_output": ""
            },
            {
                "control": "",
                "no": "4",
                "keyword": "GET",
                "page": "",
                "element": "http://vwt-sonar/api/qualitygates/project_status?projectKey=sweetest",
                "data": "",
                "expected": "status_code=<code>,text=*OK,json={\"projectStatus\":{\"status\":\"<status>\"}}",
                "output": "",
                "score": "",
                "remark": "",
                "_keyword": "GET",
                "_element": "http://vwt-sonar/api/qualitygates/project_status?projectKey=sweetest",
                "_data": "",
                "vdata": "",
                "_expected": "status_code=<code>,text=*OK,json={\"projectStatus\":{\"status\":\"<status>\"}}",
                "_output": ""
            }
        ]
    }
]
2018-10-12 11:24:09,812 [INFO] autotest.py line:93: From Excel import testsuite success
2018-10-12 11:24:13,785 [INFO] testsuite.py line:98: Run the testcase: HOME_001|打开百度 Skipped, because the flag=N or the condition=snippet
2018-10-12 11:24:13,788 [INFO] testsuite.py line:28: Start running the SETUP testcase...
2018-10-12 11:24:13,788 [INFO] testcase.py line:56: Run the TestCase: HOME_001|打开百度
2018-10-12 11:24:13,789 [INFO] testcase.py line:73: Run the Step: 1|OPEN|百度搜索链接
2018-10-12 11:24:14,811 [INFO] testcase.py line:148: Run the Step: 1|OPEN|通用-百度搜索链接 is Pass
2018-10-12 11:24:15,013 [INFO] testcase.py line:73: Run the Step: 2|CHECK|页面title
2018-10-12 11:24:15,015 [INFO] web.py line:16: DATA:'百度一下，你就知道'
2018-10-12 11:24:15,023 [INFO] web.py line:17: REAL:'百度一下，你就知道'
2018-10-12 11:24:15,029 [INFO] testcase.py line:148: Run the Step: 2|CHECK|通用-页面title is Pass
2018-10-12 11:24:15,230 [INFO] testcase.py line:56: Run the TestCase: BAIDU_001|搜索：自动化测试
2018-10-12 11:24:15,232 [INFO] testcase.py line:73: Run the Step: 1|INPUT|搜索框
2018-10-12 11:24:15,676 [ERROR] testcase.py line:178: Run the Step: 1|INPUT|百度搜索页面-搜索框 is Failure
Traceback (most recent call last):
  File "E:\py_workspaces\sweetest\sweetest-master\sweetest\sweetest\testcase.py", line 105, in run
    getattr(web, step['keyword'].lower())(step)
  File "E:\py_workspaces\sweetest\sweetest-master\sweetest\sweetest\keywords\web.py", line 146, in input
    element_location.clear()
  File "E:\Python36\lib\site-packages\selenium\webdriver\remote\webelement.py", line 95, in clear
    self._execute(Command.CLEAR_ELEMENT)
  File "E:\Python36\lib\site-packages\selenium\webdriver\remote\webelement.py", line 501, in _execute
    return self._parent.execute(command, params)
  File "E:\Python36\lib\site-packages\selenium\webdriver\remote\webdriver.py", line 311, in execute
    self.error_handler.check_response(response)
  File "E:\Python36\lib\site-packages\selenium\webdriver\remote\errorhandler.py", line 237, in check_response
    raise exception_class(message, screen, stacktrace)
selenium.common.exceptions.WebDriverException: Message: unknown error: call function result missing 'value'
  (Session info: chrome=68.0.3440.106)
  (Driver info: chromedriver=2.33.506120 (e3e53437346286c0bc2d2dc9aa4915ba81d9023f),platform=Windows NT 6.1.7601 SP1 x86_64)

2018-10-12 11:24:15,787 [INFO] testsuite.py line:98: Run the testcase: SNIPPET_001|搜索：<keywords> Skipped, because the flag=N or the condition=snippet
2018-10-12 11:24:15,792 [INFO] testsuite.py line:28: Start running the SETUP testcase...
2018-10-12 11:24:15,792 [INFO] testcase.py line:56: Run the TestCase: HOME_001|打开百度
2018-10-12 11:24:15,794 [INFO] testcase.py line:73: Run the Step: 1|OPEN|通用-百度搜索链接
2018-10-12 11:24:15,795 [WARNING] elements.py line:57: Page:通用 element:通用-百度搜索链接 is not exist
2018-10-12 11:24:16,442 [INFO] testcase.py line:148: Run the Step: 1|OPEN|通用-百度搜索链接 is Pass
2018-10-12 11:24:16,644 [INFO] testcase.py line:73: Run the Step: 2|CHECK|通用-页面title
2018-10-12 11:24:16,646 [WARNING] elements.py line:57: Page:百度搜索页面 element:通用-页面title is not exist
2018-10-12 11:24:16,650 [INFO] web.py line:16: DATA:'百度一下，你就知道'
2018-10-12 11:24:16,658 [INFO] web.py line:17: REAL:'百度一下，你就知道'
2018-10-12 11:24:16,665 [INFO] testcase.py line:148: Run the Step: 2|CHECK|通用-页面title is Pass
2018-10-12 11:24:16,868 [INFO] testcase.py line:56: Run the TestCase: BAIDU_002|搜索：搜狗
2018-10-12 11:24:16,870 [INFO] testcase.py line:73: Run the Step: 1|EXECUTE|SNIPPET_001
2018-10-12 11:24:16,871 [INFO] testcase.py line:56: Run the TestCase: SNIPPET_001|搜索：<keywords>
2018-10-12 11:24:16,873 [INFO] testcase.py line:73: Run the Step: 1|INPUT|搜索框
2018-10-12 11:24:17,238 [ERROR] testcase.py line:178: Run the Step: 1|INPUT|百度搜索页面-搜索框 is Failure
Traceback (most recent call last):
  File "E:\py_workspaces\sweetest\sweetest-master\sweetest\sweetest\testcase.py", line 105, in run
    getattr(web, step['keyword'].lower())(step)
  File "E:\py_workspaces\sweetest\sweetest-master\sweetest\sweetest\keywords\web.py", line 146, in input
    element_location.clear()
  File "E:\Python36\lib\site-packages\selenium\webdriver\remote\webelement.py", line 95, in clear
    self._execute(Command.CLEAR_ELEMENT)
  File "E:\Python36\lib\site-packages\selenium\webdriver\remote\webelement.py", line 501, in _execute
    return self._parent.execute(command, params)
  File "E:\Python36\lib\site-packages\selenium\webdriver\remote\webdriver.py", line 311, in execute
    self.error_handler.check_response(response)
  File "E:\Python36\lib\site-packages\selenium\webdriver\remote\errorhandler.py", line 237, in check_response
    raise exception_class(message, screen, stacktrace)
selenium.common.exceptions.WebDriverException: Message: unknown error: call function result missing 'value'
  (Session info: chrome=68.0.3440.106)
  (Driver info: chromedriver=2.33.506120 (e3e53437346286c0bc2d2dc9aa4915ba81d9023f),platform=Windows NT 6.1.7601 SP1 x86_64)

2018-10-12 11:24:17,242 [INFO] testsuite.py line:98: Run the testcase: BAIDU_003|搜索：知乎 Skipped, because the flag=N or the condition=snippet
2018-10-12 11:24:17,245 [INFO] testsuite.py line:98: Run the testcase: BAIDU_004|搜索：雪球行情中心 Skipped, because the flag=N or the condition=snippet
2018-10-12 11:24:17,247 [INFO] testsuite.py line:28: Start running the SETUP testcase...
2018-10-12 11:24:17,248 [INFO] testcase.py line:56: Run the TestCase: HOME_001|打开百度
2018-10-12 11:24:17,249 [INFO] testcase.py line:73: Run the Step: 1|OPEN|通用-百度搜索链接
2018-10-12 11:24:17,250 [WARNING] elements.py line:57: Page:通用 element:通用-百度搜索链接 is not exist
2018-10-12 11:24:17,849 [INFO] testcase.py line:148: Run the Step: 1|OPEN|通用-百度搜索链接 is Pass
2018-10-12 11:24:18,051 [INFO] testcase.py line:73: Run the Step: 2|CHECK|通用-页面title
2018-10-12 11:24:18,053 [WARNING] elements.py line:57: Page:百度搜索页面 element:通用-页面title is not exist
2018-10-12 11:24:18,057 [INFO] web.py line:16: DATA:'百度一下，你就知道'
2018-10-12 11:24:18,065 [INFO] web.py line:17: REAL:'百度一下，你就知道'
2018-10-12 11:24:18,072 [INFO] testcase.py line:148: Run the Step: 2|CHECK|通用-页面title is Pass
2018-10-12 11:24:18,274 [INFO] testcase.py line:56: Run the TestCase: BAIDU_005|搜索：<测试数据>
2018-10-12 11:24:18,276 [INFO] testcase.py line:73: Run the Step: 1|EXECUTE|SNIPPET_001*2
2018-10-12 11:24:18,277 [INFO] testcase.py line:56: Run the TestCase: SNIPPET_001|搜索：<keywords>
2018-10-12 11:24:18,279 [INFO] testcase.py line:73: Run the Step: 1|INPUT|搜索框
2018-10-12 11:24:18,654 [ERROR] testcase.py line:178: Run the Step: 1|INPUT|百度搜索页面-搜索框 is Failure
Traceback (most recent call last):
  File "E:\py_workspaces\sweetest\sweetest-master\sweetest\sweetest\testcase.py", line 105, in run
    getattr(web, step['keyword'].lower())(step)
  File "E:\py_workspaces\sweetest\sweetest-master\sweetest\sweetest\keywords\web.py", line 146, in input
    element_location.clear()
  File "E:\Python36\lib\site-packages\selenium\webdriver\remote\webelement.py", line 95, in clear
    self._execute(Command.CLEAR_ELEMENT)
  File "E:\Python36\lib\site-packages\selenium\webdriver\remote\webelement.py", line 501, in _execute
    return self._parent.execute(command, params)
  File "E:\Python36\lib\site-packages\selenium\webdriver\remote\webdriver.py", line 311, in execute
    self.error_handler.check_response(response)
  File "E:\Python36\lib\site-packages\selenium\webdriver\remote\errorhandler.py", line 237, in check_response
    raise exception_class(message, screen, stacktrace)
selenium.common.exceptions.WebDriverException: Message: unknown error: call function result missing 'value'
  (Session info: chrome=68.0.3440.106)
  (Driver info: chromedriver=2.33.506120 (e3e53437346286c0bc2d2dc9aa4915ba81d9023f),platform=Windows NT 6.1.7601 SP1 x86_64)

2018-10-12 11:24:18,658 [INFO] testsuite.py line:98: Run the testcase: SQL|SQL Skipped, because the flag=N or the condition=snippet
2018-10-12 11:24:18,658 [INFO] testsuite.py line:98: Run the testcase: api|api 测试 Skipped, because the flag=N or the condition=snippet
